<?xml version="1.0" encoding="UTF-8"?>
<!-- Generated by org.testng.reporters.JUnitXMLReporter -->
<testsuite hostname="SR-C02ZM0XQLVDQ" ignored="0" name="Test" tests="6" failures="4" timestamp="2020-03-22T19:50:44 MDT" time="85.183" errors="0">
  <testcase name="feature" time="5.456" classname="cucmberTestNGTestRunner.AdPortal_NewCustomerDashboardView_001_TestRunner">
    <failure type="cucumber.runtime.CucumberException" message="java.lang.NullPointerException">
      <![CDATA[cucumber.runtime.CucumberException: java.lang.NullPointerException
at cucumber.api.testng.TestNGCucumberRunner.runCucumber(TestNGCucumberRunner.java:69)
at cucmberTestNGTestRunner.AdPortal_NewCustomerDashboardView_001_TestRunner.feature(AdPortal_NewCustomerDashboardView_001_TestRunner.java:30)
at java.util.ArrayList.forEach(ArrayList.java:1257)
Caused by: java.lang.NullPointerException
at adportalPageObjects.SignUpPage.enter_FirstName(SignUpPage.java:40)
at adPortalstepdefinitions.AdPortal_NewCustomerDashboardView_001_StepDefinition.enter_DataField(AdPortal_NewCustomerDashboardView_001_StepDefinition.java:39)
at ✽.When User enters all required fields(/Users/p2815492/git/MediaSolutionsRepo/MediaSolutions_Automation/src/main/java/adportalfeatures/AdPortal_NewCustomerDashboardView_001.feature:5)
... Removed 27 stack frames]]>
    </failure>
  </testcase> <!-- feature -->
  <testcase name="feature" time="7.123" classname="cucmberTestNGTestRunner.AdPortal_SSU_LogIn_SignUp_001_TestRunner"/>
  <testcase name="feature" time="16.409" classname="cucmberTestNGTestRunner.AdPortal_LogIn_002_TestRunner">
    <failure type="cucumber.runtime.CucumberException" message="java.lang.IllegalArgumentException: Keys to send should be a not null CharSequence">
      <![CDATA[cucumber.runtime.CucumberException: java.lang.IllegalArgumentException: Keys to send should be a not null CharSequence
at cucumber.api.testng.TestNGCucumberRunner.runCucumber(TestNGCucumberRunner.java:69)
at cucmberTestNGTestRunner.AdPortal_LogIn_002_TestRunner.feature(AdPortal_LogIn_002_TestRunner.java:32)
at java.util.ArrayList.forEach(ArrayList.java:1257)
Caused by: java.lang.IllegalArgumentException: Keys to send should be a not null CharSequence
at org.openqa.selenium.remote.RemoteWebElement.sendKeys(RemoteWebElement.java:97)
at adportalPageObjects.LogInPage.userInPut_LogInEmail(LogInPage.java:46)
at adPortalstepdefinitions.AdPortal_LogIn_002_StepDefinition.enter_UserName_and_Password(AdPortal_LogIn_002_StepDefinition.java:47)
at ✽.When User enters Existing Email and password and clicks Log in Button(/Users/p2815492/git/MediaSolutionsRepo/MediaSolutions_Automation/src/main/java/adportalfeatures/AdPortal_LogIn_002.feature:5)
... Removed 27 stack frames]]>
    </failure>
  </testcase> <!-- feature -->
  <testcase name="feature" time="15.296" classname="cucmberTestNGTestRunner.AdPortal_CreateCampaign_001_TestRunner">
    <failure type="cucumber.runtime.CucumberException" message="org.openqa.selenium.ElementClickInterceptedException: element click intercepted: Element &amp;lt;span class=&amp;quot;ng-value-label ng-star-inserted&amp;quot;&amp;gt;...&amp;lt;/span&amp;gt; is not clickable at point (133, 372). Other element would receive the click: &amp;lt;div class=&amp;quot;ng-input&amp;quot;&amp;gt;...&amp;lt;/div&amp;gt;
  (Session info: chrome=80.0.3987.149)
Build info: version: &amp;apos;3.141.59&amp;apos;, revision: &amp;apos;e82be7d358&amp;apos;, time: &amp;apos;2018-11-14T08:17:03&amp;apos;
System info: host: &amp;apos;SR-C02ZM0XQLVDQ&amp;apos;, ip: &amp;apos;fe80:0:0:0:1c60:c6ce:1db:5865%en0&amp;apos;, os.name: &amp;apos;Mac OS X&amp;apos;, os.arch: &amp;apos;x86_64&amp;apos;, os.version: &amp;apos;10.14.6&amp;apos;, java.version: &amp;apos;1.8.0_192&amp;apos;
Driver info: org.openqa.selenium.chrome.ChromeDriver
Capabilities {acceptInsecureCerts: false, browserName: chrome, browserVersion: 80.0.3987.149, chrome: {chromedriverVersion: 80.0.3987.106 (f68069574609..., userDataDir: /var/folders/4_/d9d08_0n2_q...}, goog:chromeOptions: {debuggerAddress: localhost:64228}, javascriptEnabled: true, networkConnectionEnabled: false, pageLoadStrategy: normal, platform: MAC, platformName: MAC, proxy: Proxy(), setWindowRect: true, strictFileInteractability: false, timeouts: {implicit: 0, pageLoad: 300000, script: 30000}, unhandledPromptBehavior: dismiss and notify}
Session ID: 7837e9c15ddaafa45b4a9d59bcd0084e">
      <![CDATA[cucumber.runtime.CucumberException: org.openqa.selenium.ElementClickInterceptedException: element click intercepted: Element <span class="ng-value-label ng-star-inserted">...</span> is not clickable at point (133, 372). Other element would receive the click: <div class="ng-input">...</div>
  (Session info: chrome=80.0.3987.149)
Build info: version: '3.141.59', revision: 'e82be7d358', time: '2018-11-14T08:17:03'
System info: host: 'SR-C02ZM0XQLVDQ', ip: 'fe80:0:0:0:1c60:c6ce:1db:5865%en0', os.name: 'Mac OS X', os.arch: 'x86_64', os.version: '10.14.6', java.version: '1.8.0_192'
Driver info: org.openqa.selenium.chrome.ChromeDriver
Capabilities {acceptInsecureCerts: false, browserName: chrome, browserVersion: 80.0.3987.149, chrome: {chromedriverVersion: 80.0.3987.106 (f68069574609..., userDataDir: /var/folders/4_/d9d08_0n2_q...}, goog:chromeOptions: {debuggerAddress: localhost:64228}, javascriptEnabled: true, networkConnectionEnabled: false, pageLoadStrategy: normal, platform: MAC, platformName: MAC, proxy: Proxy(), setWindowRect: true, strictFileInteractability: false, timeouts: {implicit: 0, pageLoad: 300000, script: 30000}, unhandledPromptBehavior: dismiss and notify}
Session ID: 7837e9c15ddaafa45b4a9d59bcd0084e
at cucumber.api.testng.TestNGCucumberRunner.runCucumber(TestNGCucumberRunner.java:69)
at cucmberTestNGTestRunner.AdPortal_CreateCampaign_001_TestRunner.feature(AdPortal_CreateCampaign_001_TestRunner.java:32)
at java.util.ArrayList.forEach(ArrayList.java:1257)
Caused by: org.openqa.selenium.ElementClickInterceptedException: element click intercepted: Element <span class="ng-value-label ng-star-inserted">...</span> is not clickable at point (133, 372). Other element would receive the click: <div class="ng-input">...</div>
  (Session info: chrome=80.0.3987.149)
Build info: version: '3.141.59', revision: 'e82be7d358', time: '2018-11-14T08:17:03'
System info: host: 'SR-C02ZM0XQLVDQ', ip: 'fe80:0:0:0:1c60:c6ce:1db:5865%en0', os.name: 'Mac OS X', os.arch: 'x86_64', os.version: '10.14.6', java.version: '1.8.0_192'
Driver info: org.openqa.selenium.chrome.ChromeDriver
Capabilities {acceptInsecureCerts: false, browserName: chrome, browserVersion: 80.0.3987.149, chrome: {chromedriverVersion: 80.0.3987.106 (f68069574609..., userDataDir: /var/folders/4_/d9d08_0n2_q...}, goog:chromeOptions: {debuggerAddress: localhost:64228}, javascriptEnabled: true, networkConnectionEnabled: false, pageLoadStrategy: normal, platform: MAC, platformName: MAC, proxy: Proxy(), setWindowRect: true, strictFileInteractability: false, timeouts: {implicit: 0, pageLoad: 300000, script: 30000}, unhandledPromptBehavior: dismiss and notify}
Session ID: 7837e9c15ddaafa45b4a9d59bcd0084e
at org.openqa.selenium.remote.http.W3CHttpResponseCodec.createException(W3CHttpResponseCodec.java:187)
at org.openqa.selenium.remote.http.W3CHttpResponseCodec.decode(W3CHttpResponseCodec.java:122)
at org.openqa.selenium.remote.http.W3CHttpResponseCodec.decode(W3CHttpResponseCodec.java:49)
at org.openqa.selenium.remote.HttpCommandExecutor.execute(HttpCommandExecutor.java:158)
at org.openqa.selenium.remote.service.DriverCommandExecutor.execute(DriverCommandExecutor.java:83)
at org.openqa.selenium.remote.RemoteWebDriver.execute(RemoteWebDriver.java:552)
at org.openqa.selenium.remote.RemoteWebElement.execute(RemoteWebElement.java:285)
at org.openqa.selenium.remote.RemoteWebElement.click(RemoteWebElement.java:84)
at adportalPageObjects.ReachPage.enter_Distance(ReachPage.java:100)
at adPortalstepdefinitions.AdPortal_CreateCampaign_001_StepDefinition.enter_Address_and_Distance(AdPortal_CreateCampaign_001_StepDefinition.java:167)
at ✽.Then User enters the address on the address field and selects the distance and clicks Next(/Users/p2815492/git/MediaSolutionsRepo/MediaSolutions_Automation/src/main/java/adportalfeatures/AdPortal_CreateCampaign_001.feature:8)
... Removed 31 stack frames]]>
    </failure>
  </testcase> <!-- feature -->
  <testcase name="feature" time="33.807" classname="cucmberTestNGTestRunner.AdPortal_CreateCampaign_002_TestRunner">
    <failure type="cucumber.runtime.CucumberException" message="java.lang.IllegalArgumentException: Keys to send should be a not null CharSequence">
      <![CDATA[cucumber.runtime.CucumberException: java.lang.IllegalArgumentException: Keys to send should be a not null CharSequence
at cucumber.api.testng.TestNGCucumberRunner.runCucumber(TestNGCucumberRunner.java:69)
at cucmberTestNGTestRunner.AdPortal_CreateCampaign_002_TestRunner.feature(AdPortal_CreateCampaign_002_TestRunner.java:30)
at java.util.ArrayList.forEach(ArrayList.java:1257)
Caused by: java.lang.IllegalArgumentException: Keys to send should be a not null CharSequence
at org.openqa.selenium.remote.RemoteWebElement.sendKeys(RemoteWebElement.java:97)
at adportalPageObjects.ReachPage.UserInPut_Address(ReachPage.java:78)
at adPortalstepdefinitions.AdPortal_CreateCampaign_002_StepDefinition.enter_Address_and_Distance(AdPortal_CreateCampaign_002_StepDefinition.java:100)
at ✽.Then User enters the address on the address field and selects the distance in miles and clicks Next(/Users/p2815492/git/MediaSolutionsRepo/MediaSolutions_Automation/src/main/java/adportalfeatures/AdPortal_CreateCampaign_002.feature:8)
... Removed 27 stack frames]]>
    </failure>
  </testcase> <!-- feature -->
  <testcase name="feature" time="6.786" classname="cucmberTestNGTestRunner.Adportal_LogIn_001_TestRunner"/>
</testsuite> <!-- Test -->
